  Cliente.cpp
  Compra.cpp
C:\Users\HP\Downloads\PROYECTO-FINAL-PROGRA1-main\PROYECTO FINAL PROGRA 1\Compra.h(30,7): warning C4101: 'q_estado': variable local sin referencia
C:\Users\HP\Downloads\PROYECTO-FINAL-PROGRA1-main\PROYECTO FINAL PROGRA 1\Compra.h(62,7): warning C4101: 'q_estado': variable local sin referencia
C:\Users\HP\Downloads\PROYECTO-FINAL-PROGRA1-main\PROYECTO FINAL PROGRA 1\Compra.h(69,7): warning C4101: 'q_estado': variable local sin referencia
C:\Users\HP\Downloads\PROYECTO-FINAL-PROGRA1-main\PROYECTO FINAL PROGRA 1\Compra.h(76,7): warning C4101: 'q_estado': variable local sin referencia
  Compra_Detalle.cpp
C:\Users\HP\Downloads\PROYECTO-FINAL-PROGRA1-main\PROYECTO FINAL PROGRA 1\Compra_Detalle.h(31,7): warning C4101: 'q_estado': variable local sin referencia
C:\Users\HP\Downloads\PROYECTO-FINAL-PROGRA1-main\PROYECTO FINAL PROGRA 1\Compra_Detalle.h(62,7): warning C4101: 'q_estado': variable local sin referencia
C:\Users\HP\Downloads\PROYECTO-FINAL-PROGRA1-main\PROYECTO FINAL PROGRA 1\Compra_Detalle.h(69,7): warning C4101: 'q_estado': variable local sin referencia
C:\Users\HP\Downloads\PROYECTO-FINAL-PROGRA1-main\PROYECTO FINAL PROGRA 1\Compra_Detalle.h(76,7): warning C4101: 'q_estado': variable local sin referencia
  ConexionBD.cpp
  Empleado.cpp
  Marca.cpp
  Persona.cpp
  Producto.cpp
  Proveedor.cpp
  PROYECTO FINAL PROGRA 1.cpp
C:\Users\HP\Downloads\PROYECTO-FINAL-PROGRA1-main\PROYECTO FINAL PROGRA 1\Compra_Detalle.h(31,7): warning C4101: 'q_estado': variable local sin referencia
C:\Users\HP\Downloads\PROYECTO-FINAL-PROGRA1-main\PROYECTO FINAL PROGRA 1\Compra_Detalle.h(62,7): warning C4101: 'q_estado': variable local sin referencia
C:\Users\HP\Downloads\PROYECTO-FINAL-PROGRA1-main\PROYECTO FINAL PROGRA 1\Compra_Detalle.h(69,7): warning C4101: 'q_estado': variable local sin referencia
C:\Users\HP\Downloads\PROYECTO-FINAL-PROGRA1-main\PROYECTO FINAL PROGRA 1\Compra_Detalle.h(76,7): warning C4101: 'q_estado': variable local sin referencia
C:\Users\HP\Downloads\PROYECTO-FINAL-PROGRA1-main\PROYECTO FINAL PROGRA 1\Compra.h(30,7): warning C4101: 'q_estado': variable local sin referencia
C:\Users\HP\Downloads\PROYECTO-FINAL-PROGRA1-main\PROYECTO FINAL PROGRA 1\Compra.h(62,7): warning C4101: 'q_estado': variable local sin referencia
C:\Users\HP\Downloads\PROYECTO-FINAL-PROGRA1-main\PROYECTO FINAL PROGRA 1\Compra.h(69,7): warning C4101: 'q_estado': variable local sin referencia
C:\Users\HP\Downloads\PROYECTO-FINAL-PROGRA1-main\PROYECTO FINAL PROGRA 1\Compra.h(76,7): warning C4101: 'q_estado': variable local sin referencia
C:\Users\HP\Downloads\PROYECTO-FINAL-PROGRA1-main\PROYECTO FINAL PROGRA 1\PROYECTO FINAL PROGRA 1.cpp(763,9): warning C4101: 'idp': variable local sin referencia
C:\Users\HP\Downloads\PROYECTO-FINAL-PROGRA1-main\PROYECTO FINAL PROGRA 1\PROYECTO FINAL PROGRA 1.cpp(897,14): warning C4101: 'idp': variable local sin referencia
C:\Users\HP\Downloads\PROYECTO-FINAL-PROGRA1-main\PROYECTO FINAL PROGRA 1\PROYECTO FINAL PROGRA 1.cpp(898,10): warning C4101: 'existe': variable local sin referencia
  Puesto.cpp
  Venta.cpp
  Venta_Detalle.cpp
  Generando código
  Previous IPDB was built with incompatible compiler, fall back to full compilation.
  All 274 functions were compiled because no usable IPDB/IOBJ from previous compilation was found.
  Generación de código finalizada
  PROYECTO FINAL PROGRA 1.vcxproj -> C:\Users\HP\Downloads\PROYECTO-FINAL-PROGRA1-main\x64\Release\PROYECTO FINAL PROGRA 1.exe
